<?xml version="1.0" encoding="UTF-8"?>
<testsuite name="org.jabref.logic.importer.fileformat.CSVImporterTestTypes" tests="1" skipped="0" failures="0" errors="0" timestamp="2021-12-22T18:18:11" hostname="DESKTOP-SEI2376" time="0.413">
  <properties/>
  <testcase name="importConvertsToCorrectBibType()" classname="org.jabref.logic.importer.fileformat.CSVImporterTestTypes" time="0.413"/>
  <system-out><![CDATA[]]></system-out>
  <system-err><![CDATA[]]></system-err>
</testsuite>
